-------------------------------------------------------------------------------
Test set: com.DentalFine.Dental_Fine_BackEnd.DentalFineSystemTest
-------------------------------------------------------------------------------
Tests run: 1, Failures: 1, Errors: 0, Skipped: 0, Time elapsed: 12.72 s <<< FAILURE! -- in com.DentalFine.Dental_Fine_BackEnd.DentalFineSystemTest
com.DentalFine.Dental_Fine_BackEnd.DentalFineSystemTest.flujoCompletoLoginYBuscarPacientes -- Time elapsed: 2.163 s <<< FAILURE!
org.opentest4j.AssertionFailedError: El login falló, revisa las credenciales ==> expected: <200> but was: <403>
	at org.junit.jupiter.api.AssertionFailureBuilder.build(AssertionFailureBuilder.java:158)
	at org.junit.jupiter.api.AssertionFailureBuilder.buildAndThrow(AssertionFailureBuilder.java:139)
	at org.junit.jupiter.api.AssertEquals.failNotEqual(AssertEquals.java:201)
	at org.junit.jupiter.api.AssertEquals.assertEquals(AssertEquals.java:152)
	at org.junit.jupiter.api.Assertions.assertEquals(Assertions.java:590)
	at com.DentalFine.Dental_Fine_BackEnd.DentalFineSystemTest.flujoCompletoLoginYBuscarPacientes(DentalFineSystemTest.java:73)

