<?xml version="1.0" encoding="UTF-8"?>
<testsuite xmlns:xsi="http://www.w3.org/2001/XMLSchema-instance" xsi:noNamespaceSchemaLocation="https://maven.apache.org/surefire/maven-surefire-plugin/xsd/surefire-test-report.xsd" version="3.0.2" name="com.DentalFine.Dental_Fine_BackEnd.service.CitaServiceTest" time="1.652" tests="2" errors="0" skipped="0" failures="0">
  <properties>
[...]
</properties>
  <testcase name="agendarCita_lanzaValidationException_siNoExistePaciente" classname="com.DentalFine.Dental_Fine_BackEnd.service.CitaServiceTest" time="1.552"/>
  <testcase name="agendarCita_exitoso" classname="com.DentalFine.Dental_Fine_BackEnd.service.CitaServiceTest" time="0.087"/>
</testsuite>